# JRE version: Java(TM) SE Runtime Environment (8.0_191-b12) (build 1.8.0_191-b12)
# Java VM: Java HotSpot(TM) 64-Bit Server VM (25.191-b12 mixed mode windows-amd64 compressed oops)
Heap:
 PSYoungGen      total 154624K, used 100355K [0x00000000e0000000, 0x00000000eb880000, 0x0000000100000000)
  eden space 142848K, 62% used [0x00000000e0000000,0x00000000e5681b48,0x00000000e8b80000)
  from space 11776K, 99% used [0x00000000ead00000,0x00000000eb87f1a8,0x00000000eb880000)
  to   space 13824K, 0% used [0x00000000e9d80000,0x00000000e9d80000,0x00000000eab00000)
 ParOldGen       total 158720K, used 18259K [0x00000000a0000000, 0x00000000a9b00000, 0x00000000e0000000)
  object space 158720K, 11% used [0x00000000a0000000,0x00000000a11d4c08,0x00000000a9b00000)
 Metaspace       used 50641K, capacity 52340K, committed 52480K, reserved 1093632K
  class space    used 6983K, capacity 7364K, committed 7424K, reserved 1048576K
GC Heap History (10 events):
Event: 5.297 GC heap before
{Heap before GC invocations=6 (full 1):
 PSYoungGen      total 75264K, used 64512K [0x00000000e0000000, 0x00000000e9300000, 0x0000000100000000)
  eden space 64512K, 100% used [0x00000000e0000000,0x00000000e3f00000,0x00000000e3f00000)
  from space 10752K, 0% used [0x00000000e4980000,0x00000000e4980000,0x00000000e5400000)
  to   space 10752K, 0% used [0x00000000e3f00000,0x00000000e3f00000,0x00000000e4980000)
 ParOldGen       total 99328K, used 8314K [0x00000000a0000000, 0x00000000a6100000, 0x00000000e0000000)
  object space 99328K, 8% used [0x00000000a0000000,0x00000000a081e9a0,0x00000000a6100000)
 Metaspace       used 28338K, capacity 28960K, committed 29312K, reserved 1075200K
  class space    used 3964K, capacity 4143K, committed 4224K, reserved 1048576K
Event: 5.302 GC heap after
Heap after GC invocations=6 (full 1):
 PSYoungGen      total 75264K, used 7804K [0x00000000e0000000, 0x00000000e7c00000, 0x0000000100000000)
  eden space 64512K, 0% used [0x00000000e0000000,0x00000000e0000000,0x00000000e3f00000)
  from space 10752K, 72% used [0x00000000e3f00000,0x00000000e469f280,0x00000000e4980000)
  to   space 12800K, 0% used [0x00000000e6f80000,0x00000000e6f80000,0x00000000e7c00000)
 ParOldGen       total 99328K, used 8322K [0x00000000a0000000, 0x00000000a6100000, 0x00000000e0000000)
  object space 99328K, 8% used [0x00000000a0000000,0x00000000a08209a0,0x00000000a6100000)
 Metaspace       used 28338K, capacity 28960K, committed 29312K, reserved 1075200K
  class space    used 3964K, capacity 4143K, committed 4224K, reserved 1048576K
}
Event: 6.081 GC heap before
{Heap before GC invocations=7 (full 1):
 PSYoungGen      total 75264K, used 72316K [0x00000000e0000000, 0x00000000e7c00000, 0x0000000100000000)
  eden space 64512K, 100% used [0x00000000e0000000,0x00000000e3f00000,0x00000000e3f00000)
  from space 10752K, 72% used [0x00000000e3f00000,0x00000000e469f280,0x00000000e4980000)
  to   space 12800K, 0% used [0x00000000e6f80000,0x00000000e6f80000,0x00000000e7c00000)
 ParOldGen       total 99328K, used 8322K [0x00000000a0000000, 0x00000000a6100000, 0x00000000e0000000)
  object space 99328K, 8% used [0x00000000a0000000,0x00000000a08209a0,0x00000000a6100000)
 Metaspace       used 32272K, capacity 33044K, committed 33152K, reserved 1077248K
  class space    used 4466K, capacity 4683K, committed 4736K, reserved 1048576K
Event: 6.096 GC heap after
Heap after GC invocations=7 (full 1):
 PSYoungGen      total 114688K, used 9104K [0x00000000e0000000, 0x00000000e7c80000, 0x0000000100000000)
  eden space 101888K, 0% used [0x00000000e0000000,0x00000000e0000000,0x00000000e6380000)
  from space 12800K, 71% used [0x00000000e6f80000,0x00000000e7864068,0x00000000e7c00000)
  to   space 12288K, 0% used [0x00000000e6380000,0x00000000e6380000,0x00000000e6f80000)
 ParOldGen       total 99328K, used 8330K [0x00000000a0000000, 0x00000000a6100000, 0x00000000e0000000)
  object space 99328K, 8% used [0x00000000a0000000,0x00000000a08229a0,0x00000000a6100000)
 Metaspace       used 32272K, capacity 33044K, committed 33152K, reserved 1077248K
  class space    used 4466K, capacity 4683K, committed 4736K, reserved 1048576K
}
Event: 6.795 GC heap before
{Heap before GC invocations=8 (full 1):
 PSYoungGen      total 114688K, used 63335K [0x00000000e0000000, 0x00000000e7c80000, 0x0000000100000000)
  eden space 101888K, 53% used [0x00000000e0000000,0x00000000e34f5cd0,0x00000000e6380000)
  from space 12800K, 71% used [0x00000000e6f80000,0x00000000e7864068,0x00000000e7c00000)
  to   space 12288K, 0% used [0x00000000e6380000,0x00000000e6380000,0x00000000e6f80000)
 ParOldGen       total 99328K, used 8330K [0x00000000a0000000, 0x00000000a6100000, 0x00000000e0000000)
  object space 99328K, 8% used [0x00000000a0000000,0x00000000a08229a0,0x00000000a6100000)
 Metaspace       used 34570K, capacity 35388K, committed 35416K, reserved 1079296K
  class space    used 4880K, capacity 5094K, committed 5120K, reserved 1048576K
Event: 6.809 GC heap after
Heap after GC invocations=8 (full 1):
 PSYoungGen      total 114176K, used 10999K [0x00000000e0000000, 0x00000000eb980000, 0x0000000100000000)
  eden space 101888K, 0% used [0x00000000e0000000,0x00000000e0000000,0x00000000e6380000)
  from space 12288K, 89% used [0x00000000e6380000,0x00000000e6e3ddd8,0x00000000e6f80000)
  to   space 12800K, 0% used [0x00000000ead00000,0x00000000ead00000,0x00000000eb980000)
 ParOldGen       total 99328K, used 8338K [0x00000000a0000000, 0x00000000a6100000, 0x00000000e0000000)
  object space 99328K, 8% used [0x00000000a0000000,0x00000000a08249a0,0x00000000a6100000)
 Metaspace       used 34570K, capacity 35388K, committed 35416K, reserved 1079296K
  class space    used 4880K, capacity 5094K, committed 5120K, reserved 1048576K
}
Event: 6.809 GC heap before
{Heap before GC invocations=9 (full 2):
 PSYoungGen      total 114176K, used 10999K [0x00000000e0000000, 0x00000000eb980000, 0x0000000100000000)
  eden space 101888K, 0% used [0x00000000e0000000,0x00000000e0000000,0x00000000e6380000)
  from space 12288K, 89% used [0x00000000e6380000,0x00000000e6e3ddd8,0x00000000e6f80000)
  to   space 12800K, 0% used [0x00000000ead00000,0x00000000ead00000,0x00000000eb980000)
 ParOldGen       total 99328K, used 8338K [0x00000000a0000000, 0x00000000a6100000, 0x00000000e0000000)
  object space 99328K, 8% used [0x00000000a0000000,0x00000000a08249a0,0x00000000a6100000)
 Metaspace       used 34570K, capacity 35388K, committed 35416K, reserved 1079296K
  class space    used 4880K, capacity 5094K, committed 5120K, reserved 1048576K
Event: 6.882 GC heap after
Heap after GC invocations=9 (full 2):
 PSYoungGen      total 114176K, used 0K [0x00000000e0000000, 0x00000000eb980000, 0x0000000100000000)
  eden space 101888K, 0% used [0x00000000e0000000,0x00000000e0000000,0x00000000e6380000)
  from space 12288K, 0% used [0x00000000e6380000,0x00000000e6380000,0x00000000e6f80000)
  to   space 12800K, 0% used [0x00000000ead00000,0x00000000ead00000,0x00000000eb980000)
 ParOldGen       total 158720K, used 18251K [0x00000000a0000000, 0x00000000a9b00000, 0x00000000e0000000)
  object space 158720K, 11% used [0x00000000a0000000,0x00000000a11d2c08,0x00000000a9b00000)
 Metaspace       used 34570K, capacity 35388K, committed 35416K, reserved 1079296K
  class space    used 4880K, capacity 5094K, committed 5120K, reserved 1048576K
}
Event: 8.908 GC heap before
{Heap before GC invocations=10 (full 2):
 PSYoungGen      total 114176K, used 101888K [0x00000000e0000000, 0x00000000eb980000, 0x0000000100000000)
  eden space 101888K, 100% used [0x00000000e0000000,0x00000000e6380000,0x00000000e6380000)
  from space 12288K, 0% used [0x00000000e6380000,0x00000000e6380000,0x00000000e6f80000)
  to   space 12800K, 0% used [0x00000000ead00000,0x00000000ead00000,0x00000000eb980000)
 ParOldGen       total 158720K, used 18251K [0x00000000a0000000, 0x00000000a9b00000, 0x00000000e0000000)
  object space 158720K, 11% used [0x00000000a0000000,0x00000000a11d2c08,0x00000000a9b00000)
 Metaspace       used 44154K, capacity 45470K, committed 45696K, reserved 1089536K
  class space    used 6127K, capacity 6422K, committed 6528K, reserved 1048576K
Event: 8.919 GC heap after
Heap after GC invocations=10 (full 2):
 PSYoungGen      total 154624K, used 11772K [0x00000000e0000000, 0x00000000eb880000, 0x0000000100000000)
  eden space 142848K, 0% used [0x00000000e0000000,0x00000000e0000000,0x00000000e8b80000)
  from space 11776K, 99% used [0x00000000ead00000,0x00000000eb87f1a8,0x00000000eb880000)
  to   space 13824K, 0% used [0x00000000e9d80000,0x00000000e9d80000,0x00000000eab00000)
 ParOldGen       total 158720K, used 18259K [0x00000000a0000000, 0x00000000a9b00000, 0x00000000e0000000)
  object space 158720K, 11% used [0x00000000a0000000,0x00000000a11d4c08,0x00000000a9b00000)
 Metaspace       used 44154K, capacity 45470K, committed 45696K, reserved 1089536K
  class space    used 6127K, capacity 6422K, committed 6528K, reserved 1048576K
}

