# JRE version: Java(TM) SE Runtime Environment (8.0_191-b12) (build 1.8.0_191-b12)
# Java VM: Java HotSpot(TM) 64-Bit Server VM (25.191-b12 mixed mode windows-amd64 compressed oops)
Heap:
 PSYoungGen      total 172032K, used 29845K [0x00000000e0000000, 0x00000000ec480000, 0x0000000100000000)
  eden space 160256K, 18% used [0x00000000e0000000,0x00000000e1d25578,0x00000000e9c80000)
  from space 11776K, 0% used [0x00000000eb900000,0x00000000eb900000,0x00000000ec480000)
  to   space 13824K, 0% used [0x00000000ea980000,0x00000000ea980000,0x00000000eb700000)
 ParOldGen       total 199168K, used 31436K [0x00000000a0000000, 0x00000000ac280000, 0x00000000e0000000)
  object space 199168K, 15% used [0x00000000a0000000,0x00000000a1eb3168,0x00000000ac280000)
 Metaspace       used 58045K, capacity 60496K, committed 60800K, reserved 1101824K
  class space    used 8246K, capacity 8765K, committed 8832K, reserved 1048576K
GC Heap History (10 events):
Event: 5.642 GC heap before
{Heap before GC invocations=9 (full 2):
 PSYoungGen      total 120320K, used 9178K [0x00000000e0000000, 0x00000000ec480000, 0x0000000100000000)
  eden space 108032K, 0% used [0x00000000e0000000,0x00000000e0000000,0x00000000e6980000)
  from space 12288K, 74% used [0x00000000e6980000,0x00000000e7276860,0x00000000e7580000)
  to   space 11776K, 0% used [0x00000000eb900000,0x00000000eb900000,0x00000000ec480000)
 ParOldGen       total 92672K, used 7711K [0x00000000a0000000, 0x00000000a5a80000, 0x00000000e0000000)
  object space 92672K, 8% used [0x00000000a0000000,0x00000000a0787dc8,0x00000000a5a80000)
 Metaspace       used 34537K, capacity 35342K, committed 35416K, reserved 1079296K
  class space    used 4866K, capacity 5094K, committed 5120K, reserved 1048576K
Event: 5.695 GC heap after
Heap after GC invocations=9 (full 2):
 PSYoungGen      total 120320K, used 0K [0x00000000e0000000, 0x00000000ec480000, 0x0000000100000000)
  eden space 108032K, 0% used [0x00000000e0000000,0x00000000e0000000,0x00000000e6980000)
  from space 12288K, 0% used [0x00000000e6980000,0x00000000e6980000,0x00000000e7580000)
  to   space 11776K, 0% used [0x00000000eb900000,0x00000000eb900000,0x00000000ec480000)
 ParOldGen       total 141312K, used 16006K [0x00000000a0000000, 0x00000000a8a00000, 0x00000000e0000000)
  object space 141312K, 11% used [0x00000000a0000000,0x00000000a0fa1b30,0x00000000a8a00000)
 Metaspace       used 34514K, capacity 35264K, committed 35416K, reserved 1079296K
  class space    used 4859K, capacity 5081K, committed 5120K, reserved 1048576K
}
Event: 7.419 GC heap before
{Heap before GC invocations=10 (full 2):
 PSYoungGen      total 120320K, used 108032K [0x00000000e0000000, 0x00000000ec480000, 0x0000000100000000)
  eden space 108032K, 100% used [0x00000000e0000000,0x00000000e6980000,0x00000000e6980000)
  from space 12288K, 0% used [0x00000000e6980000,0x00000000e6980000,0x00000000e7580000)
  to   space 11776K, 0% used [0x00000000eb900000,0x00000000eb900000,0x00000000ec480000)
 ParOldGen       total 141312K, used 16006K [0x00000000a0000000, 0x00000000a8a00000, 0x00000000e0000000)
  object space 141312K, 11% used [0x00000000a0000000,0x00000000a0fa1b30,0x00000000a8a00000)
 Metaspace       used 44638K, capacity 45830K, committed 45952K, reserved 1089536K
  class space    used 6175K, capacity 6481K, committed 6528K, reserved 1048576K
Event: 7.433 GC heap after
Heap after GC invocations=10 (full 2):
 PSYoungGen      total 172032K, used 11771K [0x00000000e0000000, 0x00000000ec480000, 0x0000000100000000)
  eden space 160256K, 0% used [0x00000000e0000000,0x00000000e0000000,0x00000000e9c80000)
  from space 11776K, 99% used [0x00000000eb900000,0x00000000ec47ee50,0x00000000ec480000)
  to   space 13824K, 0% used [0x00000000ea980000,0x00000000ea980000,0x00000000eb700000)
 ParOldGen       total 141312K, used 18761K [0x00000000a0000000, 0x00000000a8a00000, 0x00000000e0000000)
  object space 141312K, 13% used [0x00000000a0000000,0x00000000a1252678,0x00000000a8a00000)
 Metaspace       used 44638K, capacity 45830K, committed 45952K, reserved 1089536K
  class space    used 6175K, capacity 6481K, committed 6528K, reserved 1048576K
}
Event: 10.012 GC heap before
{Heap before GC invocations=11 (full 2):
 PSYoungGen      total 172032K, used 172027K [0x00000000e0000000, 0x00000000ec480000, 0x0000000100000000)
  eden space 160256K, 100% used [0x00000000e0000000,0x00000000e9c80000,0x00000000e9c80000)
  from space 11776K, 99% used [0x00000000eb900000,0x00000000ec47ee50,0x00000000ec480000)
  to   space 13824K, 0% used [0x00000000ea980000,0x00000000ea980000,0x00000000eb700000)
 ParOldGen       total 141312K, used 18761K [0x00000000a0000000, 0x00000000a8a00000, 0x00000000e0000000)
  object space 141312K, 13% used [0x00000000a0000000,0x00000000a1252678,0x00000000a8a00000)
 Metaspace       used 56575K, capacity 58368K, committed 58624K, reserved 1099776K
  class space    used 7968K, capacity 8353K, committed 8448K, reserved 1048576K
Event: 10.047 GC heap after
Heap after GC invocations=11 (full 2):
 PSYoungGen      total 174080K, used 13813K [0x00000000e0000000, 0x00000000ec480000, 0x0000000100000000)
  eden space 160256K, 0% used [0x00000000e0000000,0x00000000e0000000,0x00000000e9c80000)
  from space 13824K, 99% used [0x00000000ea980000,0x00000000eb6fd790,0x00000000eb700000)
  to   space 11776K, 0% used [0x00000000eb900000,0x00000000eb900000,0x00000000ec480000)
 ParOldGen       total 141312K, used 29666K [0x00000000a0000000, 0x00000000a8a00000, 0x00000000e0000000)
  object space 141312K, 20% used [0x00000000a0000000,0x00000000a1cf88f0,0x00000000a8a00000)
 Metaspace       used 56575K, capacity 58368K, committed 58624K, reserved 1099776K
  class space    used 7968K, capacity 8353K, committed 8448K, reserved 1048576K
}
Event: 10.193 GC heap before
{Heap before GC invocations=12 (full 2):
 PSYoungGen      total 174080K, used 27154K [0x00000000e0000000, 0x00000000ec480000, 0x0000000100000000)
  eden space 160256K, 8% used [0x00000000e0000000,0x00000000e0d07228,0x00000000e9c80000)
  from space 13824K, 99% used [0x00000000ea980000,0x00000000eb6fd790,0x00000000eb700000)
  to   space 11776K, 0% used [0x00000000eb900000,0x00000000eb900000,0x00000000ec480000)
 ParOldGen       total 141312K, used 29666K [0x00000000a0000000, 0x00000000a8a00000, 0x00000000e0000000)
  object space 141312K, 20% used [0x00000000a0000000,0x00000000a1cf88f0,0x00000000a8a00000)
 Metaspace       used 57065K, capacity 58894K, committed 59008K, reserved 1099776K
  class space    used 8054K, capacity 8494K, committed 8576K, reserved 1048576K
Event: 10.208 GC heap after
Heap after GC invocations=12 (full 2):
 PSYoungGen      total 172032K, used 10363K [0x00000000e0000000, 0x00000000ec480000, 0x0000000100000000)
  eden space 160256K, 0% used [0x00000000e0000000,0x00000000e0000000,0x00000000e9c80000)
  from space 11776K, 88% used [0x00000000eb900000,0x00000000ec31ee58,0x00000000ec480000)
  to   space 13824K, 0% used [0x00000000ea980000,0x00000000ea980000,0x00000000eb700000)
 ParOldGen       total 141312K, used 34629K [0x00000000a0000000, 0x00000000a8a00000, 0x00000000e0000000)
  object space 141312K, 24% used [0x00000000a0000000,0x00000000a21d16e8,0x00000000a8a00000)
 Metaspace       used 57065K, capacity 58894K, committed 59008K, reserved 1099776K
  class space    used 8054K, capacity 8494K, committed 8576K, reserved 1048576K
}
Event: 10.208 GC heap before
{Heap before GC invocations=13 (full 3):
 PSYoungGen      total 172032K, used 10363K [0x00000000e0000000, 0x00000000ec480000, 0x0000000100000000)
  eden space 160256K, 0% used [0x00000000e0000000,0x00000000e0000000,0x00000000e9c80000)
  from space 11776K, 88% used [0x00000000eb900000,0x00000000ec31ee58,0x00000000ec480000)
  to   space 13824K, 0% used [0x00000000ea980000,0x00000000ea980000,0x00000000eb700000)
 ParOldGen       total 141312K, used 34629K [0x00000000a0000000, 0x00000000a8a00000, 0x00000000e0000000)
  object space 141312K, 24% used [0x00000000a0000000,0x00000000a21d16e8,0x00000000a8a00000)
 Metaspace       used 57065K, capacity 58894K, committed 59008K, reserved 1099776K
  class space    used 8054K, capacity 8494K, committed 8576K, reserved 1048576K
Event: 10.513 GC heap after
Heap after GC invocations=13 (full 3):
 PSYoungGen      total 172032K, used 0K [0x00000000e0000000, 0x00000000ec480000, 0x0000000100000000)
  eden space 160256K, 0% used [0x00000000e0000000,0x00000000e0000000,0x00000000e9c80000)
  from space 11776K, 0% used [0x00000000eb900000,0x00000000eb900000,0x00000000ec480000)
  to   space 13824K, 0% used [0x00000000ea980000,0x00000000ea980000,0x00000000eb700000)
 ParOldGen       total 199168K, used 31436K [0x00000000a0000000, 0x00000000ac280000, 0x00000000e0000000)
  object space 199168K, 15% used [0x00000000a0000000,0x00000000a1eb3168,0x00000000ac280000)
 Metaspace       used 57046K, capacity 58828K, committed 59008K, reserved 1099776K
  class space    used 8048K, capacity 8483K, committed 8576K, reserved 1048576K
}

