# JRE version: Java(TM) SE Runtime Environment (8.0_191-b12) (build 1.8.0_191-b12)
# Java VM: Java HotSpot(TM) 64-Bit Server VM (25.191-b12 mixed mode windows-amd64 compressed oops)
Heap:
 PSYoungGen      total 118272K, used 93713K [0x00000000e0000000, 0x00000000e8000000, 0x0000000100000000)
  eden space 106496K, 76% used [0x00000000e0000000,0x00000000e500af30,0x00000000e6800000)
  from space 11776K, 99% used [0x00000000e7480000,0x00000000e7ff96e8,0x00000000e8000000)
  to   space 12288K, 0% used [0x00000000e6800000,0x00000000e6800000,0x00000000e7400000)
 ParOldGen       total 94720K, used 19788K [0x00000000a0000000, 0x00000000a5c80000, 0x00000000e0000000)
  object space 94720K, 20% used [0x00000000a0000000,0x00000000a13531b0,0x00000000a5c80000)
 Metaspace       used 50442K, capacity 52022K, committed 52224K, reserved 1093632K
  class space    used 6949K, capacity 7339K, committed 7424K, reserved 1048576K
GC Heap History (10 events):
Event: 4.139 GC heap before
{Heap before GC invocations=6 (full 1):
 PSYoungGen      total 75264K, used 64512K [0x00000000e0000000, 0x00000000e5400000, 0x0000000100000000)
  eden space 64512K, 100% used [0x00000000e0000000,0x00000000e3f00000,0x00000000e3f00000)
  from space 10752K, 0% used [0x00000000e4980000,0x00000000e4980000,0x00000000e5400000)
  to   space 10752K, 0% used [0x00000000e3f00000,0x00000000e3f00000,0x00000000e4980000)
 ParOldGen       total 94720K, used 8304K [0x00000000a0000000, 0x00000000a5c80000, 0x00000000e0000000)
  object space 94720K, 8% used [0x00000000a0000000,0x00000000a081c0a8,0x00000000a5c80000)
 Metaspace       used 28443K, capacity 29056K, committed 29312K, reserved 1075200K
  class space    used 3974K, capacity 4175K, committed 4224K, reserved 1048576K
Event: 4.144 GC heap after
Heap after GC invocations=6 (full 1):
 PSYoungGen      total 75264K, used 7919K [0x00000000e0000000, 0x00000000e8100000, 0x0000000100000000)
  eden space 64512K, 0% used [0x00000000e0000000,0x00000000e0000000,0x00000000e3f00000)
  from space 10752K, 73% used [0x00000000e3f00000,0x00000000e46bbfc8,0x00000000e4980000)
  to   space 12800K, 0% used [0x00000000e7480000,0x00000000e7480000,0x00000000e8100000)
 ParOldGen       total 94720K, used 8312K [0x00000000a0000000, 0x00000000a5c80000, 0x00000000e0000000)
  object space 94720K, 8% used [0x00000000a0000000,0x00000000a081e0a8,0x00000000a5c80000)
 Metaspace       used 28443K, capacity 29056K, committed 29312K, reserved 1075200K
  class space    used 3974K, capacity 4175K, committed 4224K, reserved 1048576K
}
Event: 4.801 GC heap before
{Heap before GC invocations=7 (full 1):
 PSYoungGen      total 75264K, used 72431K [0x00000000e0000000, 0x00000000e8100000, 0x0000000100000000)
  eden space 64512K, 100% used [0x00000000e0000000,0x00000000e3f00000,0x00000000e3f00000)
  from space 10752K, 73% used [0x00000000e3f00000,0x00000000e46bbfc8,0x00000000e4980000)
  to   space 12800K, 0% used [0x00000000e7480000,0x00000000e7480000,0x00000000e8100000)
 ParOldGen       total 94720K, used 8312K [0x00000000a0000000, 0x00000000a5c80000, 0x00000000e0000000)
  object space 94720K, 8% used [0x00000000a0000000,0x00000000a081e0a8,0x00000000a5c80000)
 Metaspace       used 32372K, capacity 33158K, committed 33408K, reserved 1077248K
  class space    used 4477K, capacity 4718K, committed 4736K, reserved 1048576K
Event: 4.811 GC heap after
Heap after GC invocations=7 (full 1):
 PSYoungGen      total 118272K, used 9115K [0x00000000e0000000, 0x00000000e8000000, 0x0000000100000000)
  eden space 106496K, 0% used [0x00000000e0000000,0x00000000e0000000,0x00000000e6800000)
  from space 11776K, 77% used [0x00000000e7480000,0x00000000e7d66d50,0x00000000e8000000)
  to   space 12288K, 0% used [0x00000000e6800000,0x00000000e6800000,0x00000000e7400000)
 ParOldGen       total 94720K, used 8320K [0x00000000a0000000, 0x00000000a5c80000, 0x00000000e0000000)
  object space 94720K, 8% used [0x00000000a0000000,0x00000000a08200a8,0x00000000a5c80000)
 Metaspace       used 32372K, capacity 33158K, committed 33408K, reserved 1077248K
  class space    used 4477K, capacity 4718K, committed 4736K, reserved 1048576K
}
Event: 5.287 GC heap before
{Heap before GC invocations=8 (full 1):
 PSYoungGen      total 118272K, used 62872K [0x00000000e0000000, 0x00000000e8000000, 0x0000000100000000)
  eden space 106496K, 50% used [0x00000000e0000000,0x00000000e347f388,0x00000000e6800000)
  from space 11776K, 77% used [0x00000000e7480000,0x00000000e7d66d50,0x00000000e8000000)
  to   space 12288K, 0% used [0x00000000e6800000,0x00000000e6800000,0x00000000e7400000)
 ParOldGen       total 94720K, used 8320K [0x00000000a0000000, 0x00000000a5c80000, 0x00000000e0000000)
  object space 94720K, 8% used [0x00000000a0000000,0x00000000a08200a8,0x00000000a5c80000)
 Metaspace       used 34579K, capacity 35388K, committed 35416K, reserved 1079296K
  class space    used 4878K, capacity 5094K, committed 5120K, reserved 1048576K
Event: 5.297 GC heap after
Heap after GC invocations=8 (full 1):
 PSYoungGen      total 118784K, used 10903K [0x00000000e0000000, 0x00000000e8000000, 0x0000000100000000)
  eden space 106496K, 0% used [0x00000000e0000000,0x00000000e0000000,0x00000000e6800000)
  from space 12288K, 88% used [0x00000000e6800000,0x00000000e72a5cf8,0x00000000e7400000)
  to   space 11776K, 0% used [0x00000000e7480000,0x00000000e7480000,0x00000000e8000000)
 ParOldGen       total 94720K, used 8328K [0x00000000a0000000, 0x00000000a5c80000, 0x00000000e0000000)
  object space 94720K, 8% used [0x00000000a0000000,0x00000000a08220a8,0x00000000a5c80000)
 Metaspace       used 34579K, capacity 35388K, committed 35416K, reserved 1079296K
  class space    used 4878K, capacity 5094K, committed 5120K, reserved 1048576K
}
Event: 5.297 GC heap before
{Heap before GC invocations=9 (full 2):
 PSYoungGen      total 118784K, used 10903K [0x00000000e0000000, 0x00000000e8000000, 0x0000000100000000)
  eden space 106496K, 0% used [0x00000000e0000000,0x00000000e0000000,0x00000000e6800000)
  from space 12288K, 88% used [0x00000000e6800000,0x00000000e72a5cf8,0x00000000e7400000)
  to   space 11776K, 0% used [0x00000000e7480000,0x00000000e7480000,0x00000000e8000000)
 ParOldGen       total 94720K, used 8328K [0x00000000a0000000, 0x00000000a5c80000, 0x00000000e0000000)
  object space 94720K, 8% used [0x00000000a0000000,0x00000000a08220a8,0x00000000a5c80000)
 Metaspace       used 34579K, capacity 35388K, committed 35416K, reserved 1079296K
  class space    used 4878K, capacity 5094K, committed 5120K, reserved 1048576K
Event: 5.356 GC heap after
Heap after GC invocations=9 (full 2):
 PSYoungGen      total 118784K, used 0K [0x00000000e0000000, 0x00000000e8000000, 0x0000000100000000)
  eden space 106496K, 0% used [0x00000000e0000000,0x00000000e0000000,0x00000000e6800000)
  from space 12288K, 0% used [0x00000000e6800000,0x00000000e6800000,0x00000000e7400000)
  to   space 11776K, 0% used [0x00000000e7480000,0x00000000e7480000,0x00000000e8000000)
 ParOldGen       total 94720K, used 18193K [0x00000000a0000000, 0x00000000a5c80000, 0x00000000e0000000)
  object space 94720K, 19% used [0x00000000a0000000,0x00000000a11c47d8,0x00000000a5c80000)
 Metaspace       used 34579K, capacity 35388K, committed 35416K, reserved 1079296K
  class space    used 4878K, capacity 5094K, committed 5120K, reserved 1048576K
}
Event: 6.721 GC heap before
{Heap before GC invocations=10 (full 2):
 PSYoungGen      total 118784K, used 106478K [0x00000000e0000000, 0x00000000e8000000, 0x0000000100000000)
  eden space 106496K, 99% used [0x00000000e0000000,0x00000000e67fba30,0x00000000e6800000)
  from space 12288K, 0% used [0x00000000e6800000,0x00000000e6800000,0x00000000e7400000)
  to   space 11776K, 0% used [0x00000000e7480000,0x00000000e7480000,0x00000000e8000000)
 ParOldGen       total 94720K, used 18193K [0x00000000a0000000, 0x00000000a5c80000, 0x00000000e0000000)
  object space 94720K, 19% used [0x00000000a0000000,0x00000000a11c47d8,0x00000000a5c80000)
 Metaspace       used 44146K, capacity 45480K, committed 45696K, reserved 1089536K
  class space    used 6121K, capacity 6413K, committed 6528K, reserved 1048576K
Event: 6.732 GC heap after
Heap after GC invocations=10 (full 2):
 PSYoungGen      total 118272K, used 11749K [0x00000000e0000000, 0x00000000e8000000, 0x0000000100000000)
  eden space 106496K, 0% used [0x00000000e0000000,0x00000000e0000000,0x00000000e6800000)
  from space 11776K, 99% used [0x00000000e7480000,0x00000000e7ff96e8,0x00000000e8000000)
  to   space 12288K, 0% used [0x00000000e6800000,0x00000000e6800000,0x00000000e7400000)
 ParOldGen       total 94720K, used 19788K [0x00000000a0000000, 0x00000000a5c80000, 0x00000000e0000000)
  object space 94720K, 20% used [0x00000000a0000000,0x00000000a13531b0,0x00000000a5c80000)
 Metaspace       used 44146K, capacity 45480K, committed 45696K, reserved 1089536K
  class space    used 6121K, capacity 6413K, committed 6528K, reserved 1048576K
}

