# JRE version: Java(TM) SE Runtime Environment (8.0_191-b12) (build 1.8.0_191-b12)
# Java VM: Java HotSpot(TM) 64-Bit Server VM (25.191-b12 mixed mode windows-amd64 compressed oops)
Heap:
 PSYoungGen      total 140288K, used 41229K [0x00000000e0000000, 0x00000000e9880000, 0x0000000100000000)
  eden space 127488K, 24% used [0x00000000e0000000,0x00000000e1e8f5b8,0x00000000e7c80000)
  from space 12800K, 77% used [0x00000000e8900000,0x00000000e92b3ec8,0x00000000e9580000)
  to   space 12800K, 0% used [0x00000000e7c80000,0x00000000e7c80000,0x00000000e8900000)
 ParOldGen       total 172032K, used 18258K [0x00000000a0000000, 0x00000000aa800000, 0x00000000e0000000)
  object space 172032K, 10% used [0x00000000a0000000,0x00000000a11d4980,0x00000000aa800000)
 Metaspace       used 44917K, capacity 46254K, committed 46592K, reserved 1089536K
  class space    used 6236K, capacity 6550K, committed 6656K, reserved 1048576K
GC Heap History (10 events):
Event: 6.736 GC heap before
{Heap before GC invocations=6 (full 1):
 PSYoungGen      total 75264K, used 64512K [0x00000000e0000000, 0x00000000e9300000, 0x0000000100000000)
  eden space 64512K, 100% used [0x00000000e0000000,0x00000000e3f00000,0x00000000e3f00000)
  from space 10752K, 0% used [0x00000000e4980000,0x00000000e4980000,0x00000000e5400000)
  to   space 10752K, 0% used [0x00000000e3f00000,0x00000000e3f00000,0x00000000e4980000)
 ParOldGen       total 109056K, used 8278K [0x00000000a0000000, 0x00000000a6a80000, 0x00000000e0000000)
  object space 109056K, 7% used [0x00000000a0000000,0x00000000a0815be0,0x00000000a6a80000)
 Metaspace       used 28371K, capacity 28976K, committed 29312K, reserved 1075200K
  class space    used 3960K, capacity 4143K, committed 4224K, reserved 1048576K
Event: 6.750 GC heap after
Heap after GC invocations=6 (full 1):
 PSYoungGen      total 75264K, used 7843K [0x00000000e0000000, 0x00000000e7280000, 0x0000000100000000)
  eden space 64512K, 0% used [0x00000000e0000000,0x00000000e0000000,0x00000000e3f00000)
  from space 10752K, 72% used [0x00000000e3f00000,0x00000000e46a8c58,0x00000000e4980000)
  to   space 12800K, 0% used [0x00000000e6600000,0x00000000e6600000,0x00000000e7280000)
 ParOldGen       total 109056K, used 8286K [0x00000000a0000000, 0x00000000a6a80000, 0x00000000e0000000)
  object space 109056K, 7% used [0x00000000a0000000,0x00000000a0817be0,0x00000000a6a80000)
 Metaspace       used 28371K, capacity 28976K, committed 29312K, reserved 1075200K
  class space    used 3960K, capacity 4143K, committed 4224K, reserved 1048576K
}
Event: 9.623 GC heap before
{Heap before GC invocations=7 (full 1):
 PSYoungGen      total 75264K, used 72355K [0x00000000e0000000, 0x00000000e7280000, 0x0000000100000000)
  eden space 64512K, 100% used [0x00000000e0000000,0x00000000e3f00000,0x00000000e3f00000)
  from space 10752K, 72% used [0x00000000e3f00000,0x00000000e46a8c58,0x00000000e4980000)
  to   space 12800K, 0% used [0x00000000e6600000,0x00000000e6600000,0x00000000e7280000)
 ParOldGen       total 109056K, used 8286K [0x00000000a0000000, 0x00000000a6a80000, 0x00000000e0000000)
  object space 109056K, 7% used [0x00000000a0000000,0x00000000a0817be0,0x00000000a6a80000)
 Metaspace       used 32308K, capacity 33060K, committed 33152K, reserved 1077248K
  class space    used 4464K, capacity 4683K, committed 4736K, reserved 1048576K
Event: 9.649 GC heap after
Heap after GC invocations=7 (full 1):
 PSYoungGen      total 101376K, used 9023K [0x00000000e0000000, 0x00000000e7080000, 0x0000000100000000)
  eden space 90624K, 0% used [0x00000000e0000000,0x00000000e0000000,0x00000000e5880000)
  from space 10752K, 83% used [0x00000000e6600000,0x00000000e6ecfdb8,0x00000000e7080000)
  to   space 12288K, 0% used [0x00000000e5880000,0x00000000e5880000,0x00000000e6480000)
 ParOldGen       total 109056K, used 8294K [0x00000000a0000000, 0x00000000a6a80000, 0x00000000e0000000)
  object space 109056K, 7% used [0x00000000a0000000,0x00000000a0819be0,0x00000000a6a80000)
 Metaspace       used 32308K, capacity 33060K, committed 33152K, reserved 1077248K
  class space    used 4464K, capacity 4683K, committed 4736K, reserved 1048576K
}
Event: 10.972 GC heap before
{Heap before GC invocations=8 (full 1):
 PSYoungGen      total 101376K, used 63324K [0x00000000e0000000, 0x00000000e7080000, 0x0000000100000000)
  eden space 90624K, 59% used [0x00000000e0000000,0x00000000e3507420,0x00000000e5880000)
  from space 10752K, 83% used [0x00000000e6600000,0x00000000e6ecfdb8,0x00000000e7080000)
  to   space 12288K, 0% used [0x00000000e5880000,0x00000000e5880000,0x00000000e6480000)
 ParOldGen       total 109056K, used 8294K [0x00000000a0000000, 0x00000000a6a80000, 0x00000000e0000000)
  object space 109056K, 7% used [0x00000000a0000000,0x00000000a0819be0,0x00000000a6a80000)
 Metaspace       used 34567K, capacity 35340K, committed 35416K, reserved 1079296K
  class space    used 4874K, capacity 5094K, committed 5120K, reserved 1048576K
Event: 10.988 GC heap after
Heap after GC invocations=8 (full 1):
 PSYoungGen      total 102912K, used 10951K [0x00000000e0000000, 0x00000000e9580000, 0x0000000100000000)
  eden space 90624K, 0% used [0x00000000e0000000,0x00000000e0000000,0x00000000e5880000)
  from space 12288K, 89% used [0x00000000e5880000,0x00000000e6331f18,0x00000000e6480000)
  to   space 12800K, 0% used [0x00000000e8900000,0x00000000e8900000,0x00000000e9580000)
 ParOldGen       total 109056K, used 8302K [0x00000000a0000000, 0x00000000a6a80000, 0x00000000e0000000)
  object space 109056K, 7% used [0x00000000a0000000,0x00000000a081bbe0,0x00000000a6a80000)
 Metaspace       used 34567K, capacity 35340K, committed 35416K, reserved 1079296K
  class space    used 4874K, capacity 5094K, committed 5120K, reserved 1048576K
}
Event: 10.988 GC heap before
{Heap before GC invocations=9 (full 2):
 PSYoungGen      total 102912K, used 10951K [0x00000000e0000000, 0x00000000e9580000, 0x0000000100000000)
  eden space 90624K, 0% used [0x00000000e0000000,0x00000000e0000000,0x00000000e5880000)
  from space 12288K, 89% used [0x00000000e5880000,0x00000000e6331f18,0x00000000e6480000)
  to   space 12800K, 0% used [0x00000000e8900000,0x00000000e8900000,0x00000000e9580000)
 ParOldGen       total 109056K, used 8302K [0x00000000a0000000, 0x00000000a6a80000, 0x00000000e0000000)
  object space 109056K, 7% used [0x00000000a0000000,0x00000000a081bbe0,0x00000000a6a80000)
 Metaspace       used 34567K, capacity 35340K, committed 35416K, reserved 1079296K
  class space    used 4874K, capacity 5094K, committed 5120K, reserved 1048576K
Event: 11.055 GC heap after
Heap after GC invocations=9 (full 2):
 PSYoungGen      total 102912K, used 0K [0x00000000e0000000, 0x00000000e9580000, 0x0000000100000000)
  eden space 90624K, 0% used [0x00000000e0000000,0x00000000e0000000,0x00000000e5880000)
  from space 12288K, 0% used [0x00000000e5880000,0x00000000e5880000,0x00000000e6480000)
  to   space 12800K, 0% used [0x00000000e8900000,0x00000000e8900000,0x00000000e9580000)
 ParOldGen       total 172032K, used 18250K [0x00000000a0000000, 0x00000000aa800000, 0x00000000e0000000)
  object space 172032K, 10% used [0x00000000a0000000,0x00000000a11d2980,0x00000000aa800000)
 Metaspace       used 34567K, capacity 35340K, committed 35416K, reserved 1079296K
  class space    used 4874K, capacity 5094K, committed 5120K, reserved 1048576K
}
Event: 12.659 GC heap before
{Heap before GC invocations=10 (full 2):
 PSYoungGen      total 102912K, used 90624K [0x00000000e0000000, 0x00000000e9580000, 0x0000000100000000)
  eden space 90624K, 100% used [0x00000000e0000000,0x00000000e5880000,0x00000000e5880000)
  from space 12288K, 0% used [0x00000000e5880000,0x00000000e5880000,0x00000000e6480000)
  to   space 12800K, 0% used [0x00000000e8900000,0x00000000e8900000,0x00000000e9580000)
 ParOldGen       total 172032K, used 18250K [0x00000000a0000000, 0x00000000aa800000, 0x00000000e0000000)
  object space 172032K, 10% used [0x00000000a0000000,0x00000000a11d2980,0x00000000aa800000)
 Metaspace       used 42869K, capacity 44134K, committed 44416K, reserved 1087488K
  class space    used 5955K, capacity 6254K, committed 6272K, reserved 1048576K
Event: 12.670 GC heap after
Heap after GC invocations=10 (full 2):
 PSYoungGen      total 140288K, used 9935K [0x00000000e0000000, 0x00000000e9880000, 0x0000000100000000)
  eden space 127488K, 0% used [0x00000000e0000000,0x00000000e0000000,0x00000000e7c80000)
  from space 12800K, 77% used [0x00000000e8900000,0x00000000e92b3ec8,0x00000000e9580000)
  to   space 12800K, 0% used [0x00000000e7c80000,0x00000000e7c80000,0x00000000e8900000)
 ParOldGen       total 172032K, used 18258K [0x00000000a0000000, 0x00000000aa800000, 0x00000000e0000000)
  object space 172032K, 10% used [0x00000000a0000000,0x00000000a11d4980,0x00000000aa800000)
 Metaspace       used 42869K, capacity 44134K, committed 44416K, reserved 1087488K
  class space    used 5955K, capacity 6254K, committed 6272K, reserved 1048576K
}

