# JRE version: Java(TM) SE Runtime Environment (8.0_191-b12) (build 1.8.0_191-b12)
# Java VM: Java HotSpot(TM) 64-Bit Server VM (25.191-b12 mixed mode windows-amd64 compressed oops)
Heap:
 PSYoungGen      total 205824K, used 139697K [0x00000000e0000000, 0x00000000eec80000, 0x0000000100000000)
  eden space 186880K, 74% used [0x00000000e0000000,0x00000000e886c5c0,0x00000000eb680000)
  from space 18944K, 0% used [0x00000000eda00000,0x00000000eda00000,0x00000000eec80000)
  to   space 12800K, 0% used [0x00000000eb680000,0x00000000eb680000,0x00000000ec300000)
 ParOldGen       total 140288K, used 31470K [0x00000000a0000000, 0x00000000a8900000, 0x00000000e0000000)
  object space 140288K, 22% used [0x00000000a0000000,0x00000000a1ebb908,0x00000000a8900000)
 Metaspace       used 62784K, capacity 64898K, committed 65112K, reserved 1105920K
  class space    used 8762K, capacity 9220K, committed 9344K, reserved 1048576K
GC Heap History (10 events):
Event: 9.160 GC heap before
{Heap before GC invocations=9 (full 2):
 PSYoungGen      total 121856K, used 8169K [0x00000000e0000000, 0x00000000ed200000, 0x0000000100000000)
  eden space 108544K, 0% used [0x00000000e0000000,0x00000000e0000000,0x00000000e6a00000)
  from space 13312K, 61% used [0x00000000e6a00000,0x00000000e71fa440,0x00000000e7700000)
  to   space 12800K, 0% used [0x00000000ec580000,0x00000000ec580000,0x00000000ed200000)
 ParOldGen       total 92672K, used 8334K [0x00000000a0000000, 0x00000000a5a80000, 0x00000000e0000000)
  object space 92672K, 8% used [0x00000000a0000000,0x00000000a0823a10,0x00000000a5a80000)
 Metaspace       used 34508K, capacity 35290K, committed 35416K, reserved 1079296K
  class space    used 4709K, capacity 4914K, committed 4992K, reserved 1048576K
Event: 9.229 GC heap after
Heap after GC invocations=9 (full 2):
 PSYoungGen      total 121856K, used 0K [0x00000000e0000000, 0x00000000ed200000, 0x0000000100000000)
  eden space 108544K, 0% used [0x00000000e0000000,0x00000000e0000000,0x00000000e6a00000)
  from space 13312K, 0% used [0x00000000e6a00000,0x00000000e6a00000,0x00000000e7700000)
  to   space 12800K, 0% used [0x00000000ec580000,0x00000000ec580000,0x00000000ed200000)
 ParOldGen       total 140288K, used 15458K [0x00000000a0000000, 0x00000000a8900000, 0x00000000e0000000)
  object space 140288K, 11% used [0x00000000a0000000,0x00000000a0f18b68,0x00000000a8900000)
 Metaspace       used 34462K, capacity 35186K, committed 35416K, reserved 1079296K
  class space    used 4698K, capacity 4902K, committed 4992K, reserved 1048576K
}
Event: 11.193 GC heap before
{Heap before GC invocations=10 (full 2):
 PSYoungGen      total 121856K, used 108544K [0x00000000e0000000, 0x00000000ed200000, 0x0000000100000000)
  eden space 108544K, 100% used [0x00000000e0000000,0x00000000e6a00000,0x00000000e6a00000)
  from space 13312K, 0% used [0x00000000e6a00000,0x00000000e6a00000,0x00000000e7700000)
  to   space 12800K, 0% used [0x00000000ec580000,0x00000000ec580000,0x00000000ed200000)
 ParOldGen       total 140288K, used 15458K [0x00000000a0000000, 0x00000000a8900000, 0x00000000e0000000)
  object space 140288K, 11% used [0x00000000a0000000,0x00000000a0f18b68,0x00000000a8900000)
 Metaspace       used 39728K, capacity 40946K, committed 41176K, reserved 1085440K
  class space    used 5470K, capacity 5765K, committed 5888K, reserved 1048576K
Event: 11.205 GC heap after
Heap after GC invocations=10 (full 2):
 PSYoungGen      total 169984K, used 9944K [0x00000000e0000000, 0x00000000ecf80000, 0x0000000100000000)
  eden space 159744K, 0% used [0x00000000e0000000,0x00000000e0000000,0x00000000e9c00000)
  from space 10240K, 97% used [0x00000000ec580000,0x00000000ecf362e8,0x00000000ecf80000)
  to   space 12800K, 0% used [0x00000000eb680000,0x00000000eb680000,0x00000000ec300000)
 ParOldGen       total 140288K, used 15466K [0x00000000a0000000, 0x00000000a8900000, 0x00000000e0000000)
  object space 140288K, 11% used [0x00000000a0000000,0x00000000a0f1ab68,0x00000000a8900000)
 Metaspace       used 39728K, capacity 40946K, committed 41176K, reserved 1085440K
  class space    used 5470K, capacity 5765K, committed 5888K, reserved 1048576K
}
Event: 14.355 GC heap before
{Heap before GC invocations=11 (full 2):
 PSYoungGen      total 169984K, used 169688K [0x00000000e0000000, 0x00000000ecf80000, 0x0000000100000000)
  eden space 159744K, 100% used [0x00000000e0000000,0x00000000e9c00000,0x00000000e9c00000)
  from space 10240K, 97% used [0x00000000ec580000,0x00000000ecf362e8,0x00000000ecf80000)
  to   space 12800K, 0% used [0x00000000eb680000,0x00000000eb680000,0x00000000ec300000)
 ParOldGen       total 140288K, used 15466K [0x00000000a0000000, 0x00000000a8900000, 0x00000000e0000000)
  object space 140288K, 11% used [0x00000000a0000000,0x00000000a0f1ab68,0x00000000a8900000)
 Metaspace       used 55617K, capacity 57380K, committed 57432K, reserved 1099776K
  class space    used 7638K, capacity 8054K, committed 8064K, reserved 1048576K
Event: 14.394 GC heap after
Heap after GC invocations=11 (full 2):
 PSYoungGen      total 199680K, used 12772K [0x00000000e0000000, 0x00000000eec80000, 0x0000000100000000)
  eden space 186880K, 0% used [0x00000000e0000000,0x00000000e0000000,0x00000000eb680000)
  from space 12800K, 99% used [0x00000000eb680000,0x00000000ec2f9310,0x00000000ec300000)
  to   space 18944K, 0% used [0x00000000eda00000,0x00000000eda00000,0x00000000eec80000)
 ParOldGen       total 140288K, used 28312K [0x00000000a0000000, 0x00000000a8900000, 0x00000000e0000000)
  object space 140288K, 20% used [0x00000000a0000000,0x00000000a1ba6080,0x00000000a8900000)
 Metaspace       used 55617K, capacity 57380K, committed 57432K, reserved 1099776K
  class space    used 7638K, capacity 8054K, committed 8064K, reserved 1048576K
}
Event: 14.852 GC heap before
{Heap before GC invocations=12 (full 2):
 PSYoungGen      total 199680K, used 46950K [0x00000000e0000000, 0x00000000eec80000, 0x0000000100000000)
  eden space 186880K, 18% used [0x00000000e0000000,0x00000000e21607d0,0x00000000eb680000)
  from space 12800K, 99% used [0x00000000eb680000,0x00000000ec2f9310,0x00000000ec300000)
  to   space 18944K, 0% used [0x00000000eda00000,0x00000000eda00000,0x00000000eec80000)
 ParOldGen       total 140288K, used 28312K [0x00000000a0000000, 0x00000000a8900000, 0x00000000e0000000)
  object space 140288K, 20% used [0x00000000a0000000,0x00000000a1ba6080,0x00000000a8900000)
 Metaspace       used 57121K, capacity 58898K, committed 58968K, reserved 1099776K
  class space    used 7897K, capacity 8292K, committed 8320K, reserved 1048576K
Event: 14.868 GC heap after
Heap after GC invocations=12 (full 2):
 PSYoungGen      total 205824K, used 15066K [0x00000000e0000000, 0x00000000eec80000, 0x0000000100000000)
  eden space 186880K, 0% used [0x00000000e0000000,0x00000000e0000000,0x00000000eb680000)
  from space 18944K, 79% used [0x00000000eda00000,0x00000000ee8b6a90,0x00000000eec80000)
  to   space 12800K, 0% used [0x00000000eb680000,0x00000000eb680000,0x00000000ec300000)
 ParOldGen       total 140288K, used 28320K [0x00000000a0000000, 0x00000000a8900000, 0x00000000e0000000)
  object space 140288K, 20% used [0x00000000a0000000,0x00000000a1ba8080,0x00000000a8900000)
 Metaspace       used 57121K, capacity 58898K, committed 58968K, reserved 1099776K
  class space    used 7897K, capacity 8292K, committed 8320K, reserved 1048576K
}
Event: 14.868 GC heap before
{Heap before GC invocations=13 (full 3):
 PSYoungGen      total 205824K, used 15066K [0x00000000e0000000, 0x00000000eec80000, 0x0000000100000000)
  eden space 186880K, 0% used [0x00000000e0000000,0x00000000e0000000,0x00000000eb680000)
  from space 18944K, 79% used [0x00000000eda00000,0x00000000ee8b6a90,0x00000000eec80000)
  to   space 12800K, 0% used [0x00000000eb680000,0x00000000eb680000,0x00000000ec300000)
 ParOldGen       total 140288K, used 28320K [0x00000000a0000000, 0x00000000a8900000, 0x00000000e0000000)
  object space 140288K, 20% used [0x00000000a0000000,0x00000000a1ba8080,0x00000000a8900000)
 Metaspace       used 57121K, capacity 58898K, committed 58968K, reserved 1099776K
  class space    used 7897K, capacity 8292K, committed 8320K, reserved 1048576K
Event: 15.146 GC heap after
Heap after GC invocations=13 (full 3):
 PSYoungGen      total 205824K, used 0K [0x00000000e0000000, 0x00000000eec80000, 0x0000000100000000)
  eden space 186880K, 0% used [0x00000000e0000000,0x00000000e0000000,0x00000000eb680000)
  from space 18944K, 0% used [0x00000000eda00000,0x00000000eda00000,0x00000000eec80000)
  to   space 12800K, 0% used [0x00000000eb680000,0x00000000eb680000,0x00000000ec300000)
 ParOldGen       total 140288K, used 31470K [0x00000000a0000000, 0x00000000a8900000, 0x00000000e0000000)
  object space 140288K, 22% used [0x00000000a0000000,0x00000000a1ebb908,0x00000000a8900000)
 Metaspace       used 57105K, capacity 58850K, committed 58968K, reserved 1099776K
  class space    used 7892K, capacity 8284K, committed 8320K, reserved 1048576K
}

