# JRE version: Java(TM) SE Runtime Environment (8.0_191-b12) (build 1.8.0_191-b12)
# Java VM: Java HotSpot(TM) 64-Bit Server VM (25.191-b12 mixed mode windows-amd64 compressed oops)
Heap:
 PSYoungGen      total 227840K, used 109205K [0x00000000e0000000, 0x00000000f2a80000, 0x0000000100000000)
  eden space 202752K, 41% used [0x00000000e0000000,0x00000000e5227e50,0x00000000ec600000)
  from space 25088K, 99% used [0x00000000ec600000,0x00000000ede7d690,0x00000000ede80000)
  to   space 31232K, 0% used [0x00000000f0c00000,0x00000000f0c00000,0x00000000f2a80000)
 ParOldGen       total 231424K, used 46628K [0x00000000a0000000, 0x00000000ae200000, 0x00000000e0000000)
  object space 231424K, 20% used [0x00000000a0000000,0x00000000a2d89088,0x00000000ae200000)
 Metaspace       used 76333K, capacity 79998K, committed 80276K, reserved 1118208K
  class space    used 10357K, capacity 11109K, committed 11196K, reserved 1048576K
GC Heap History (10 events):
Event: 10.553 GC heap before
{Heap before GC invocations=12 (full 2):
 PSYoungGen      total 179712K, used 70778K [0x00000000e0000000, 0x00000000ed180000, 0x0000000100000000)
  eden space 166912K, 34% used [0x00000000e0000000,0x00000000e38a1768,0x00000000ea300000)
  from space 12800K, 99% used [0x00000000ea300000,0x00000000eaf7d300,0x00000000eaf80000)
  to   space 17408K, 0% used [0x00000000ec080000,0x00000000ec080000,0x00000000ed180000)
 ParOldGen       total 153600K, used 25111K [0x00000000a0000000, 0x00000000a9600000, 0x00000000e0000000)
  object space 153600K, 16% used [0x00000000a0000000,0x00000000a1885db0,0x00000000a9600000)
 Metaspace       used 57069K, capacity 58964K, committed 59028K, reserved 1099776K
  class space    used 7883K, capacity 8321K, committed 8380K, reserved 1048576K
Event: 10.567 GC heap after
Heap after GC invocations=12 (full 2):
 PSYoungGen      total 194560K, used 17394K [0x00000000e0000000, 0x00000000ef100000, 0x0000000100000000)
  eden space 177152K, 0% used [0x00000000e0000000,0x00000000e0000000,0x00000000ead00000)
  from space 17408K, 99% used [0x00000000ec080000,0x00000000ed17c970,0x00000000ed180000)
  to   space 19968K, 0% used [0x00000000ead00000,0x00000000ead00000,0x00000000ec080000)
 ParOldGen       total 153600K, used 26274K [0x00000000a0000000, 0x00000000a9600000, 0x00000000e0000000)
  object space 153600K, 17% used [0x00000000a0000000,0x00000000a19a89b0,0x00000000a9600000)
 Metaspace       used 57069K, capacity 58964K, committed 59028K, reserved 1099776K
  class space    used 7883K, capacity 8321K, committed 8380K, reserved 1048576K
}
Event: 10.567 GC heap before
{Heap before GC invocations=13 (full 3):
 PSYoungGen      total 194560K, used 17394K [0x00000000e0000000, 0x00000000ef100000, 0x0000000100000000)
  eden space 177152K, 0% used [0x00000000e0000000,0x00000000e0000000,0x00000000ead00000)
  from space 17408K, 99% used [0x00000000ec080000,0x00000000ed17c970,0x00000000ed180000)
  to   space 19968K, 0% used [0x00000000ead00000,0x00000000ead00000,0x00000000ec080000)
 ParOldGen       total 153600K, used 26274K [0x00000000a0000000, 0x00000000a9600000, 0x00000000e0000000)
  object space 153600K, 17% used [0x00000000a0000000,0x00000000a19a89b0,0x00000000a9600000)
 Metaspace       used 57069K, capacity 58964K, committed 59028K, reserved 1099776K
  class space    used 7883K, capacity 8321K, committed 8380K, reserved 1048576K
Event: 10.844 GC heap after
Heap after GC invocations=13 (full 3):
 PSYoungGen      total 194560K, used 0K [0x00000000e0000000, 0x00000000ef100000, 0x0000000100000000)
  eden space 177152K, 0% used [0x00000000e0000000,0x00000000e0000000,0x00000000ead00000)
  from space 17408K, 0% used [0x00000000ec080000,0x00000000ec080000,0x00000000ed180000)
  to   space 19968K, 0% used [0x00000000ead00000,0x00000000ead00000,0x00000000ec080000)
 ParOldGen       total 231424K, used 33541K [0x00000000a0000000, 0x00000000ae200000, 0x00000000e0000000)
  object space 231424K, 14% used [0x00000000a0000000,0x00000000a20c1568,0x00000000ae200000)
 Metaspace       used 57040K, capacity 58868K, committed 59028K, reserved 1099776K
  class space    used 7874K, capacity 8305K, committed 8380K, reserved 1048576K
}
Event: 13.232 GC heap before
{Heap before GC invocations=14 (full 3):
 PSYoungGen      total 194560K, used 177152K [0x00000000e0000000, 0x00000000ef100000, 0x0000000100000000)
  eden space 177152K, 100% used [0x00000000e0000000,0x00000000ead00000,0x00000000ead00000)
  from space 17408K, 0% used [0x00000000ec080000,0x00000000ec080000,0x00000000ed180000)
  to   space 19968K, 0% used [0x00000000ead00000,0x00000000ead00000,0x00000000ec080000)
 ParOldGen       total 231424K, used 33541K [0x00000000a0000000, 0x00000000ae200000, 0x00000000e0000000)
  object space 231424K, 14% used [0x00000000a0000000,0x00000000a20c1568,0x00000000ae200000)
 Metaspace       used 65295K, capacity 67536K, committed 67732K, reserved 1107968K
  class space    used 9159K, capacity 9625K, committed 9660K, reserved 1048576K
Event: 13.247 GC heap after
Heap after GC invocations=14 (full 3):
 PSYoungGen      total 197120K, used 14938K [0x00000000e0000000, 0x00000000ef280000, 0x0000000100000000)
  eden space 177152K, 0% used [0x00000000e0000000,0x00000000e0000000,0x00000000ead00000)
  from space 19968K, 74% used [0x00000000ead00000,0x00000000ebb96860,0x00000000ec080000)
  to   space 20480K, 0% used [0x00000000ede80000,0x00000000ede80000,0x00000000ef280000)
 ParOldGen       total 231424K, used 33549K [0x00000000a0000000, 0x00000000ae200000, 0x00000000e0000000)
  object space 231424K, 14% used [0x00000000a0000000,0x00000000a20c3568,0x00000000ae200000)
 Metaspace       used 65295K, capacity 67536K, committed 67732K, reserved 1107968K
  class space    used 9159K, capacity 9625K, committed 9660K, reserved 1048576K
}
Event: 15.683 GC heap before
{Heap before GC invocations=15 (full 3):
 PSYoungGen      total 197120K, used 192090K [0x00000000e0000000, 0x00000000ef280000, 0x0000000100000000)
  eden space 177152K, 100% used [0x00000000e0000000,0x00000000ead00000,0x00000000ead00000)
  from space 19968K, 74% used [0x00000000ead00000,0x00000000ebb96860,0x00000000ec080000)
  to   space 20480K, 0% used [0x00000000ede80000,0x00000000ede80000,0x00000000ef280000)
 ParOldGen       total 231424K, used 33549K [0x00000000a0000000, 0x00000000ae200000, 0x00000000e0000000)
  object space 231424K, 14% used [0x00000000a0000000,0x00000000a20c3568,0x00000000ae200000)
 Metaspace       used 70997K, capacity 74164K, committed 74260K, reserved 1114112K
  class space    used 9866K, capacity 10487K, committed 10556K, reserved 1048576K
Event: 15.711 GC heap after
Heap after GC invocations=15 (full 3):
 PSYoungGen      total 223232K, used 20452K [0x00000000e0000000, 0x00000000efa80000, 0x0000000100000000)
  eden space 202752K, 0% used [0x00000000e0000000,0x00000000e0000000,0x00000000ec600000)
  from space 20480K, 99% used [0x00000000ede80000,0x00000000ef279098,0x00000000ef280000)
  to   space 25088K, 0% used [0x00000000ec600000,0x00000000ec600000,0x00000000ede80000)
 ParOldGen       total 231424K, used 38949K [0x00000000a0000000, 0x00000000ae200000, 0x00000000e0000000)
  object space 231424K, 16% used [0x00000000a0000000,0x00000000a2609650,0x00000000ae200000)
 Metaspace       used 70997K, capacity 74164K, committed 74260K, reserved 1114112K
  class space    used 9866K, capacity 10487K, committed 10556K, reserved 1048576K
}
Event: 16.908 GC heap before
{Heap before GC invocations=16 (full 3):
 PSYoungGen      total 223232K, used 223204K [0x00000000e0000000, 0x00000000efa80000, 0x0000000100000000)
  eden space 202752K, 100% used [0x00000000e0000000,0x00000000ec600000,0x00000000ec600000)
  from space 20480K, 99% used [0x00000000ede80000,0x00000000ef279098,0x00000000ef280000)
  to   space 25088K, 0% used [0x00000000ec600000,0x00000000ec600000,0x00000000ede80000)
 ParOldGen       total 231424K, used 38949K [0x00000000a0000000, 0x00000000ae200000, 0x00000000e0000000)
  object space 231424K, 16% used [0x00000000a0000000,0x00000000a2609650,0x00000000ae200000)
 Metaspace       used 71065K, capacity 74292K, committed 74516K, reserved 1114112K
  class space    used 9868K, capacity 10487K, committed 10556K, reserved 1048576K
Event: 16.946 GC heap after
Heap after GC invocations=16 (full 3):
 PSYoungGen      total 227840K, used 25077K [0x00000000e0000000, 0x00000000f2a80000, 0x0000000100000000)
  eden space 202752K, 0% used [0x00000000e0000000,0x00000000e0000000,0x00000000ec600000)
  from space 25088K, 99% used [0x00000000ec600000,0x00000000ede7d690,0x00000000ede80000)
  to   space 31232K, 0% used [0x00000000f0c00000,0x00000000f0c00000,0x00000000f2a80000)
 ParOldGen       total 231424K, used 46628K [0x00000000a0000000, 0x00000000ae200000, 0x00000000e0000000)
  object space 231424K, 20% used [0x00000000a0000000,0x00000000a2d89088,0x00000000ae200000)
 Metaspace       used 71065K, capacity 74292K, committed 74516K, reserved 1114112K
  class space    used 9868K, capacity 10487K, committed 10556K, reserved 1048576K
}

